<?xml version="1.0" encoding="UTF-8"?>
<robot generator="Robot 7.2.2 (Python 3.13.1 on win32)" generated="2025-02-25T21:06:21.085652" rpa="false" schemaversion="5">
<suite id="s1" name="My" source="C:\Users\Jack\repos\lernin\robot_framwork\robotframework-flaui\atests\my.robot">
<test id="s1-t1" name="Launch Application" line="23">
<kw name="Launch Application" owner="FlaUILibrary">
<msg time="2025-02-25T21:06:21.479560" level="INFO">${PID} = 41140</msg>
<var>${PID}</var>
<arg>${NEW_SUBLIME_WINDOW}</arg>
<doc>Launches an application.</doc>
<status status="PASS" start="2025-02-25T21:06:21.423118" elapsed="0.056495"/>
</kw>
<kw name="Should Not Be Equal As Integers" owner="BuiltIn">
<msg time="2025-02-25T21:06:21.480053" level="INFO">Argument types are:
&lt;class 'int'&gt;
&lt;class 'str'&gt;</msg>
<arg>${PID}</arg>
<arg>0</arg>
<doc>Fails if objects are equal after converting them to integers.</doc>
<status status="PASS" start="2025-02-25T21:06:21.479891" elapsed="0.000212"/>
</kw>
<status status="PASS" start="2025-02-25T21:06:21.422473" elapsed="0.057778"/>
</test>
<test id="s1-t2" name="Open a New File" line="27">
<kw name="Press Key" owner="FlaUILibrary">
<arg>@{KEYBOARD_INPUT_OPEN_FILE}</arg>
<arg>${XPATH_SUBLIME_WINDOW}</arg>
<doc>Keyboard control to execute a user defined one shortcut or text.
press_only and release_only supports key shortcut only, not text.</doc>
<status status="PASS" start="2025-02-25T21:06:21.480817" elapsed="1.178293"/>
</kw>
<kw name="Press Key" owner="FlaUILibrary">
<arg>${KEYBOARD_INPUT_TEXT}</arg>
<arg>${XPATH_SUBLIME_OPEN_FILE_TEXTINPUT}</arg>
<doc>Keyboard control to execute a user defined one shortcut or text.
press_only and release_only supports key shortcut only, not text.</doc>
<status status="PASS" start="2025-02-25T21:06:22.659380" elapsed="1.650389"/>
</kw>
<kw name="Click" owner="FlaUILibrary">
<arg>${XPATH_SUBLIME_OPEN_FILE_BUTTON}</arg>
<doc>Left click to element by an XPath.</doc>
<status status="PASS" start="2025-02-25T21:06:24.310003" elapsed="0.301832"/>
</kw>
<status status="PASS" start="2025-02-25T21:06:21.480595" elapsed="3.131529"/>
</test>
<doc>Test suite for debug keywords.
XPath not found error handling for all keywords must be implemented under ErrorHandling.robot</doc>
<status status="PASS" start="2025-02-25T21:06:21.086368" elapsed="3.526439"/>
</suite>
<statistics>
<total>
<stat pass="2" fail="0" skip="0">All Tests</stat>
</total>
<tag>
</tag>
<suite>
<stat name="My" id="s1" pass="2" fail="0" skip="0">My</stat>
</suite>
</statistics>
<errors>
</errors>
</robot>
