<?xml version="1.0" encoding="UTF-8"?>
<robot generator="Robot 7.2.2 (Python 3.13.1 on win32)" generated="2025-02-25T21:22:16.877992" rpa="false" schemaversion="5">
<suite id="s1" name="My" source="C:\Users\Jack\repos\lernin\robot_framwork\robotframework-flaui\atests\my_demo\My.robot">
<test id="s1-t1" name="Launch Application" line="22">
<kw name="Launch Application" owner="FlaUILibrary">
<msg time="2025-02-25T21:22:17.276825" level="INFO">${PID} = 84536</msg>
<var>${PID}</var>
<arg>${NEW_SUBLIME_WINDOW}</arg>
<doc>Launches an application.</doc>
<status status="PASS" start="2025-02-25T21:22:17.212003" elapsed="0.064876"/>
</kw>
<kw name="Should Not Be Equal As Integers" owner="BuiltIn">
<msg time="2025-02-25T21:22:17.277574" level="INFO">Argument types are:
&lt;class 'int'&gt;
&lt;class 'str'&gt;</msg>
<arg>${PID}</arg>
<arg>0</arg>
<doc>Fails if objects are equal after converting them to integers.</doc>
<status status="PASS" start="2025-02-25T21:22:17.277364" elapsed="0.000279"/>
</kw>
<status status="PASS" start="2025-02-25T21:22:17.211433" elapsed="0.066426"/>
</test>
<test id="s1-t2" name="Open a New File" line="26">
<kw name="Press Key" owner="FlaUILibrary">
<arg>@{KEYBOARD_INPUT_OPEN_FILE}</arg>
<arg>${XPATH_SUBLIME_WINDOW}</arg>
<doc>Keyboard control to execute a user defined one shortcut or text.
press_only and release_only supports key shortcut only, not text.</doc>
<status status="PASS" start="2025-02-25T21:22:17.278483" elapsed="1.243812"/>
</kw>
<kw name="Press Key" owner="FlaUILibrary">
<arg>${KEYBOARD_INPUT_TEXT}</arg>
<arg>${XPATH_SUBLIME_OPEN_FILE_TEXTINPUT}</arg>
<doc>Keyboard control to execute a user defined one shortcut or text.
press_only and release_only supports key shortcut only, not text.</doc>
<status status="PASS" start="2025-02-25T21:22:18.522532" elapsed="1.489353"/>
</kw>
<kw name="Click" owner="FlaUILibrary">
<arg>${XPATH_SUBLIME_OPEN_FILE_BUTTON}</arg>
<doc>Left click to element by an XPath.</doc>
<status status="PASS" start="2025-02-25T21:22:20.012185" elapsed="0.243671"/>
</kw>
<status status="PASS" start="2025-02-25T21:22:17.278242" elapsed="2.977925"/>
</test>
<doc>Test suite for opening a new file in Sublime Text Editor.</doc>
<status status="PASS" start="2025-02-25T21:22:16.878897" elapsed="3.377777"/>
</suite>
<statistics>
<total>
<stat pass="2" fail="0" skip="0">All Tests</stat>
</total>
<tag>
</tag>
<suite>
<stat name="My" id="s1" pass="2" fail="0" skip="0">My</stat>
</suite>
</statistics>
<errors>
</errors>
</robot>
